<?xml version="1.0" encoding="UTF-8"?>
<!-- Generated by org.testng.reporters.JUnitReportReporter -->
<testsuite hostname="DESKTOP-KAFRPIC" failures="0" tests="7" name="test.com.TextExecution" time="91.021" errors="0" timestamp="2023-01-03T16:27:01 BDT" skipped="0">
  <testcase classname="test.com.TextExecution" name="loginToSite" time="2.018"/>
  <system-out/>
  <testcase classname="test.com.TextExecution" name="addEmployee" time="58.227"/>
  <system-out/>
  <testcase classname="test.com.TextExecution" name="verifySearch" time="2.193"/>
  <system-out/>
  <testcase classname="test.com.TextExecution" name="performSearch" time="5.078"/>
  <system-out/>
  <testcase classname="test.com.TextExecution" name="openDirectory" time="5.728"/>
  <system-out/>
  <testcase classname="test.com.TextExecution" name="setSearchCriteria" time="13.429"/>
  <system-out/>
  <testcase classname="test.com.TextExecution" name="lunchURL" time="4.348"/>
  <system-out/>
</testsuite> <!-- test.com.TextExecution -->
